E, [2018-09-12T20:40:48.746798 #268] ERROR -- Kitchen: ------Exception-------
E, [2018-09-12T20:40:48.746981 #268] ERROR -- Kitchen: Class: Kitchen::UserError
E, [2018-09-12T20:40:48.747043 #268] ERROR -- Kitchen: Message: Kitchen YAML file /home/ellington/dev/chef/cookbooks/mynginx/templates/.kitchen.yml does not exist.
E, [2018-09-12T20:40:48.747099 #268] ERROR -- Kitchen: ----------------------
E, [2018-09-12T20:40:48.747158 #268] ERROR -- Kitchen: ------Backtrace-------
E, [2018-09-12T20:40:48.747221 #268] ERROR -- Kitchen: /opt/chefdk/embedded/lib/ruby/gems/2.4.0/gems/test-kitchen-1.19.2/lib/kitchen/loader/yaml.rb:65:in `read'
E, [2018-09-12T20:40:48.747451 #268] ERROR -- Kitchen: /opt/chefdk/embedded/lib/ruby/gems/2.4.0/gems/test-kitchen-1.19.2/lib/kitchen/config.rb:152:in `data'
E, [2018-09-12T20:40:48.747496 #268] ERROR -- Kitchen: /opt/chefdk/embedded/lib/ruby/gems/2.4.0/gems/test-kitchen-1.19.2/lib/kitchen/config.rb:131:in `suites'
E, [2018-09-12T20:40:48.747534 #268] ERROR -- Kitchen: /opt/chefdk/embedded/lib/ruby/gems/2.4.0/gems/test-kitchen-1.19.2/lib/kitchen/config.rb:182:in `filter_instances'
E, [2018-09-12T20:40:48.747571 #268] ERROR -- Kitchen: /opt/chefdk/embedded/lib/ruby/gems/2.4.0/gems/test-kitchen-1.19.2/lib/kitchen/config.rb:141:in `build_instances'
E, [2018-09-12T20:40:48.747608 #268] ERROR -- Kitchen: /opt/chefdk/embedded/lib/ruby/gems/2.4.0/gems/test-kitchen-1.19.2/lib/kitchen/config.rb:117:in `instances'
E, [2018-09-12T20:40:48.747648 #268] ERROR -- Kitchen: /opt/chefdk/embedded/lib/ruby/gems/2.4.0/gems/test-kitchen-1.19.2/lib/kitchen/command.rb:112:in `filtered_instances'
E, [2018-09-12T20:40:48.747704 #268] ERROR -- Kitchen: /opt/chefdk/embedded/lib/ruby/gems/2.4.0/gems/test-kitchen-1.19.2/lib/kitchen/command.rb:142:in `parse_subcommand'
E, [2018-09-12T20:40:48.747744 #268] ERROR -- Kitchen: /opt/chefdk/embedded/lib/ruby/gems/2.4.0/gems/test-kitchen-1.19.2/lib/kitchen/command/list.rb:30:in `call'
E, [2018-09-12T20:40:48.747781 #268] ERROR -- Kitchen: /opt/chefdk/embedded/lib/ruby/gems/2.4.0/gems/test-kitchen-1.19.2/lib/kitchen/cli.rb:52:in `perform'
E, [2018-09-12T20:40:48.747817 #268] ERROR -- Kitchen: /opt/chefdk/embedded/lib/ruby/gems/2.4.0/gems/test-kitchen-1.19.2/lib/kitchen/cli.rb:120:in `list'
E, [2018-09-12T20:40:48.747853 #268] ERROR -- Kitchen: /opt/chefdk/embedded/lib/ruby/gems/2.4.0/gems/thor-0.19.1/lib/thor/command.rb:27:in `run'
E, [2018-09-12T20:40:48.747889 #268] ERROR -- Kitchen: /opt/chefdk/embedded/lib/ruby/gems/2.4.0/gems/thor-0.19.1/lib/thor/invocation.rb:126:in `invoke_command'
E, [2018-09-12T20:40:48.747924 #268] ERROR -- Kitchen: /opt/chefdk/embedded/lib/ruby/gems/2.4.0/gems/thor-0.19.1/lib/thor.rb:359:in `dispatch'
E, [2018-09-12T20:40:48.747961 #268] ERROR -- Kitchen: /opt/chefdk/embedded/lib/ruby/gems/2.4.0/gems/thor-0.19.1/lib/thor/base.rb:440:in `start'
E, [2018-09-12T20:40:48.747996 #268] ERROR -- Kitchen: /opt/chefdk/embedded/lib/ruby/gems/2.4.0/gems/test-kitchen-1.19.2/bin/kitchen:13:in `block in <top (required)>'
E, [2018-09-12T20:40:48.748033 #268] ERROR -- Kitchen: /opt/chefdk/embedded/lib/ruby/gems/2.4.0/gems/test-kitchen-1.19.2/lib/kitchen/errors.rb:171:in `with_friendly_errors'
E, [2018-09-12T20:40:48.748069 #268] ERROR -- Kitchen: /opt/chefdk/embedded/lib/ruby/gems/2.4.0/gems/test-kitchen-1.19.2/bin/kitchen:13:in `<top (required)>'
E, [2018-09-12T20:40:48.748105 #268] ERROR -- Kitchen: /usr/bin/kitchen:255:in `load'
E, [2018-09-12T20:40:48.748148 #268] ERROR -- Kitchen: /usr/bin/kitchen:255:in `<main>'
E, [2018-09-12T20:40:48.748198 #268] ERROR -- Kitchen: ----End Backtrace-----
