I, [2018-09-13T05:21:04.110026 #6160]  INFO -- default-ubuntu-1604: -----> Converging <default-ubuntu-1604>...
I, [2018-09-13T05:21:04.116754 #6160]  INFO -- default-ubuntu-1604: Preparing files for transfer
I, [2018-09-13T05:21:04.117031 #6160]  INFO -- default-ubuntu-1604: Preparing dna.json
I, [2018-09-13T05:21:04.119801 #6160]  INFO -- default-ubuntu-1604: Resolving cookbook dependencies with Berkshelf 7.0.6...
I, [2018-09-13T05:21:07.030274 #6160]  INFO -- default-ubuntu-1604: Removing non-cookbook files before transfer
I, [2018-09-13T05:21:07.046700 #6160]  INFO -- default-ubuntu-1604: Preparing validation.pem
I, [2018-09-13T05:21:07.047552 #6160]  INFO -- default-ubuntu-1604: Preparing client.rb
I, [2018-09-13T05:21:07.229855 #6160]  INFO -- default-ubuntu-1604: -----> Chef Omnibus installation detected (install only if missing)
I, [2018-09-13T05:21:07.265646 #6160]  INFO -- default-ubuntu-1604: Transferring files to <default-ubuntu-1604>
I, [2018-09-13T05:21:09.330126 #6160]  INFO -- default-ubuntu-1604: Starting Chef Client, version 14.4.56
I, [2018-09-13T05:21:10.548710 #6160]  INFO -- default-ubuntu-1604: resolving cookbooks for run list: ["mynginx::default"]
I, [2018-09-13T05:21:10.580717 #6160]  INFO -- default-ubuntu-1604: Synchronizing Cookbooks:
I, [2018-09-13T05:21:10.591809 #6160]  INFO -- default-ubuntu-1604:   - mynginx (0.1.0)
I, [2018-09-13T05:21:10.592229 #6160]  INFO -- default-ubuntu-1604: Installing Cookbook Gems:
I, [2018-09-13T05:21:10.593250 #6160]  INFO -- default-ubuntu-1604: Compiling Cookbooks...
I, [2018-09-13T05:21:10.604255 #6160]  INFO -- default-ubuntu-1604: Converging 4 resources
I, [2018-09-13T05:21:10.604713 #6160]  INFO -- default-ubuntu-1604: Recipe: mynginx::default
I, [2018-09-13T05:21:18.698734 #6160]  INFO -- default-ubuntu-1604:   * apt_package[nginx] action install
I, [2018-09-13T05:21:18.699154 #6160]  INFO -- default-ubuntu-1604:     
I, [2018-09-13T05:21:18.706123 #6160]  INFO -- default-ubuntu-1604:     ================================================================================
I, [2018-09-13T05:21:18.708990 #6160]  INFO -- default-ubuntu-1604:     Error executing action `install` on resource 'apt_package[nginx]'
I, [2018-09-13T05:21:18.709844 #6160]  INFO -- default-ubuntu-1604:     ================================================================================
I, [2018-09-13T05:21:18.710355 #6160]  INFO -- default-ubuntu-1604:     
I, [2018-09-13T05:21:18.711307 #6160]  INFO -- default-ubuntu-1604:     Mixlib::ShellOut::ShellCommandFailed
I, [2018-09-13T05:21:18.712172 #6160]  INFO -- default-ubuntu-1604:     ------------------------------------
I, [2018-09-13T05:21:18.712533 #6160]  INFO -- default-ubuntu-1604:     Expected process to exit with [0], but received '100'
I, [2018-09-13T05:21:18.718565 #6160]  INFO -- default-ubuntu-1604:     ---- Begin output of ["apt-get", "-q", "-y", "-o", "Dpkg::Options::=--force-confdef", "-o", "Dpkg::Options::=--force-confold", "install", "nginx=1.10.3-0ubuntu0.16.04.2"] ----
I, [2018-09-13T05:21:18.718652 #6160]  INFO -- default-ubuntu-1604:     STDOUT: Reading package lists...
I, [2018-09-13T05:21:18.723541 #6160]  INFO -- default-ubuntu-1604:     Building dependency tree...
I, [2018-09-13T05:21:18.723815 #6160]  INFO -- default-ubuntu-1604:     Reading state information...
I, [2018-09-13T05:21:18.723909 #6160]  INFO -- default-ubuntu-1604:     The following additional packages will be installed:
I, [2018-09-13T05:21:18.724027 #6160]  INFO -- default-ubuntu-1604:       fontconfig-config fonts-dejavu-core libfontconfig1 libgd3 libjbig0
I, [2018-09-13T05:21:18.734758 #6160]  INFO -- default-ubuntu-1604:       libjpeg-turbo8 libjpeg8 libtiff5 libvpx3 libx11-6 libx11-data libxau6
I, [2018-09-13T05:21:18.735157 #6160]  INFO -- default-ubuntu-1604:       libxcb1 libxdmcp6 libxpm4 nginx-common nginx-core
I, [2018-09-13T05:21:18.735226 #6160]  INFO -- default-ubuntu-1604:     Suggested packages:
I, [2018-09-13T05:21:18.735299 #6160]  INFO -- default-ubuntu-1604:       libgd-tools fcgiwrap nginx-doc ssl-cert
I, [2018-09-13T05:21:18.735367 #6160]  INFO -- default-ubuntu-1604:     The following NEW packages will be installed:
I, [2018-09-13T05:21:18.735480 #6160]  INFO -- default-ubuntu-1604:       fontconfig-config fonts-dejavu-core libfontconfig1 libgd3 libjbig0
I, [2018-09-13T05:21:18.735552 #6160]  INFO -- default-ubuntu-1604:       libjpeg-turbo8 libjpeg8 libtiff5 libvpx3 libx11-6 libx11-data libxau6
I, [2018-09-13T05:21:18.735617 #6160]  INFO -- default-ubuntu-1604:       libxcb1 libxdmcp6 libxpm4 nginx nginx-common nginx-core
I, [2018-09-13T05:21:18.742229 #6160]  INFO -- default-ubuntu-1604:     0 upgraded, 18 newly installed, 0 to remove and 0 not upgraded.
I, [2018-09-13T05:21:18.742425 #6160]  INFO -- default-ubuntu-1604:     Need to get 3600 kB of archives.
I, [2018-09-13T05:21:18.748042 #6160]  INFO -- default-ubuntu-1604:     After this operation, 12.5 MB of additional disk space will be used.
I, [2018-09-13T05:21:18.748124 #6160]  INFO -- default-ubuntu-1604:     Get:1 http://archive.ubuntu.com/ubuntu xenial/main amd64 libxau6 amd64 1:1.0.8-1 [8376 B]
I, [2018-09-13T05:21:18.748189 #6160]  INFO -- default-ubuntu-1604:     Get:2 http://archive.ubuntu.com/ubuntu xenial-updates/main amd64 libjpeg-turbo8 amd64 1.4.2-0ubuntu3.1 [111 kB]
I, [2018-09-13T05:21:18.748252 #6160]  INFO -- default-ubuntu-1604:     Get:3 http://archive.ubuntu.com/ubuntu xenial/main amd64 libjbig0 amd64 2.1-3.1 [26.6 kB]
I, [2018-09-13T05:21:18.748345 #6160]  INFO -- default-ubuntu-1604:     Get:4 http://archive.ubuntu.com/ubuntu xenial/main amd64 libxdmcp6 amd64 1:1.1.2-1.1 [11.0 kB]
I, [2018-09-13T05:21:18.754922 #6160]  INFO -- default-ubuntu-1604:     Get:5 http://archive.ubuntu.com/ubuntu xenial/main amd64 libxcb1 amd64 1.11.1-1ubuntu1 [40.0 kB]
I, [2018-09-13T05:21:18.755079 #6160]  INFO -- default-ubuntu-1604:     Get:6 http://archive.ubuntu.com/ubuntu xenial/main amd64 libx11-data all 2:1.6.3-1ubuntu2 [113 kB]
I, [2018-09-13T05:21:18.755148 #6160]  INFO -- default-ubuntu-1604:     Get:7 http://archive.ubuntu.com/ubuntu xenial/main amd64 libx11-6 amd64 2:1.6.3-1ubuntu2 [571 kB]
I, [2018-09-13T05:21:18.755211 #6160]  INFO -- default-ubuntu-1604:     Get:8 http://archive.ubuntu.com/ubuntu xenial/main amd64 fonts-dejavu-core all 2.35-1 [1039 kB]
I, [2018-09-13T05:21:18.755300 #6160]  INFO -- default-ubuntu-1604:     Get:9 http://archive.ubuntu.com/ubuntu xenial-updates/main amd64 fontconfig-config all 2.11.94-0ubuntu1.1 [49.9 kB]
I, [2018-09-13T05:21:18.755364 #6160]  INFO -- default-ubuntu-1604:     Get:10 http://archive.ubuntu.com/ubuntu xenial-updates/main amd64 libfontconfig1 amd64 2.11.94-0ubuntu1.1 [131 kB]
I, [2018-09-13T05:21:18.755430 #6160]  INFO -- default-ubuntu-1604:     Get:11 http://archive.ubuntu.com/ubuntu xenial/main amd64 libjpeg8 amd64 8c-2ubuntu8 [2194 B]
I, [2018-09-13T05:21:18.767662 #6160]  INFO -- default-ubuntu-1604:     Get:12 http://archive.ubuntu.com/ubuntu xenial-updates/main amd64 libtiff5 amd64 4.0.6-1ubuntu0.4 [148 kB]
I, [2018-09-13T05:21:18.767827 #6160]  INFO -- default-ubuntu-1604:     Get:13 http://archive.ubuntu.com/ubuntu xenial/main amd64 libvpx3 amd64 1.5.0-2ubuntu1 [732 kB]
I, [2018-09-13T05:21:18.767895 #6160]  INFO -- default-ubuntu-1604:     Get:14 http://archive.ubuntu.com/ubuntu xenial-updates/main amd64 libxpm4 amd64 1:3.5.11-1ubuntu0.16.04.1 [33.8 kB]
I, [2018-09-13T05:21:18.767962 #6160]  INFO -- default-ubuntu-1604:     Err:15 http://security.ubuntu.com/ubuntu xenial-security/main amd64 libgd3 amd64 2.1.1-4ubuntu0.16.04.8
I, [2018-09-13T05:21:18.768026 #6160]  INFO -- default-ubuntu-1604:       404  Not Found [IP: 91.189.88.162 80]
I, [2018-09-13T05:21:18.768088 #6160]  INFO -- default-ubuntu-1604:     Get:16 http://archive.ubuntu.com/ubuntu xenial-updates/main amd64 nginx-common all 1.10.3-0ubuntu0.16.04.2 [26.6 kB]
I, [2018-09-13T05:21:18.780688 #6160]  INFO -- default-ubuntu-1604:     Get:17 http://archive.ubuntu.com/ubuntu xenial-updates/main amd64 nginx-core amd64 1.10.3-0ubuntu0.16.04.2 [428 kB]
I, [2018-09-13T05:21:18.780910 #6160]  INFO -- default-ubuntu-1604:     Err:15 http://security.ubuntu.com/ubuntu xenial-security/main amd64 libgd3 amd64 2.1.1-4ubuntu0.16.04.8
I, [2018-09-13T05:21:18.780984 #6160]  INFO -- default-ubuntu-1604:       404  Not Found [IP: 91.189.88.162 80]
I, [2018-09-13T05:21:18.781052 #6160]  INFO -- default-ubuntu-1604:     Get:18 http://archive.ubuntu.com/ubuntu xenial-updates/main amd64 nginx all 1.10.3-0ubuntu0.16.04.2 [3490 B]
I, [2018-09-13T05:21:18.781115 #6160]  INFO -- default-ubuntu-1604:     Fetched 3475 kB in 6s (528 kB/s)
I, [2018-09-13T05:21:18.781179 #6160]  INFO -- default-ubuntu-1604:     STDERR: E: Failed to fetch http://security.ubuntu.com/ubuntu/pool/main/libg/libgd2/libgd3_2.1.1-4ubuntu0.16.04.8_amd64.deb  404  Not Found [IP: 91.189.88.162 80]
I, [2018-09-13T05:21:18.781241 #6160]  INFO -- default-ubuntu-1604:     
I, [2018-09-13T05:21:18.785071 #6160]  INFO -- default-ubuntu-1604:     E: Unable to fetch some archives, maybe run apt-get update or try with --fix-missing?
I, [2018-09-13T05:21:18.791411 #6160]  INFO -- default-ubuntu-1604:     ---- End output of ["apt-get", "-q", "-y", "-o", "Dpkg::Options::=--force-confdef", "-o", "Dpkg::Options::=--force-confold", "install", "nginx=1.10.3-0ubuntu0.16.04.2"] ----
I, [2018-09-13T05:21:18.791532 #6160]  INFO -- default-ubuntu-1604:     Ran ["apt-get", "-q", "-y", "-o", "Dpkg::Options::=--force-confdef", "-o", "Dpkg::Options::=--force-confold", "install", "nginx=1.10.3-0ubuntu0.16.04.2"] returned 100
I, [2018-09-13T05:21:18.791599 #6160]  INFO -- default-ubuntu-1604:     
I, [2018-09-13T05:21:18.797140 #6160]  INFO -- default-ubuntu-1604:     Resource Declaration:
I, [2018-09-13T05:21:18.797603 #6160]  INFO -- default-ubuntu-1604:     ---------------------
I, [2018-09-13T05:21:18.797674 #6160]  INFO -- default-ubuntu-1604:     # In /tmp/kitchen/cache/cookbooks/mynginx/recipes/default.rb
I, [2018-09-13T05:21:18.797739 #6160]  INFO -- default-ubuntu-1604:     
I, [2018-09-13T05:21:18.805230 #6160]  INFO -- default-ubuntu-1604:       1: package 'nginx' do
I, [2018-09-13T05:21:18.805766 #6160]  INFO -- default-ubuntu-1604:       2:   action :install
I, [2018-09-13T05:21:18.805854 #6160]  INFO -- default-ubuntu-1604:       3: end
I, [2018-09-13T05:21:18.805931 #6160]  INFO -- default-ubuntu-1604:       4: 
I, [2018-09-13T05:21:18.806007 #6160]  INFO -- default-ubuntu-1604:     
I, [2018-09-13T05:21:18.819152 #6160]  INFO -- default-ubuntu-1604:     Compiled Resource:
I, [2018-09-13T05:21:18.821784 #6160]  INFO -- default-ubuntu-1604:     ------------------
I, [2018-09-13T05:21:18.821867 #6160]  INFO -- default-ubuntu-1604:     # Declared in /tmp/kitchen/cache/cookbooks/mynginx/recipes/default.rb:1:in `from_file'
I, [2018-09-13T05:21:18.821938 #6160]  INFO -- default-ubuntu-1604:     
I, [2018-09-13T05:21:18.824138 #6160]  INFO -- default-ubuntu-1604:     apt_package("nginx") do
I, [2018-09-13T05:21:18.824581 #6160]  INFO -- default-ubuntu-1604:       package_name "nginx"
I, [2018-09-13T05:21:18.824661 #6160]  INFO -- default-ubuntu-1604:       action [:install]
I, [2018-09-13T05:21:18.826198 #6160]  INFO -- default-ubuntu-1604:       default_guard_interpreter :default
I, [2018-09-13T05:21:18.829693 #6160]  INFO -- default-ubuntu-1604:       declared_type :package
I, [2018-09-13T05:21:18.835187 #6160]  INFO -- default-ubuntu-1604:       cookbook_name "mynginx"
I, [2018-09-13T05:21:18.835267 #6160]  INFO -- default-ubuntu-1604:       recipe_name "default"
I, [2018-09-13T05:21:18.839774 #6160]  INFO -- default-ubuntu-1604:     end
I, [2018-09-13T05:21:18.840094 #6160]  INFO -- default-ubuntu-1604:     
I, [2018-09-13T05:21:18.840916 #6160]  INFO -- default-ubuntu-1604:     System Info:
I, [2018-09-13T05:21:18.841850 #6160]  INFO -- default-ubuntu-1604:     ------------
I, [2018-09-13T05:21:18.842217 #6160]  INFO -- default-ubuntu-1604:     chef_version=14.4.56
I, [2018-09-13T05:21:18.842296 #6160]  INFO -- default-ubuntu-1604:     platform=ubuntu
I, [2018-09-13T05:21:18.842364 #6160]  INFO -- default-ubuntu-1604:     platform_version=16.04
I, [2018-09-13T05:21:18.842431 #6160]  INFO -- default-ubuntu-1604:     ruby=ruby 2.5.1p57 (2018-03-29 revision 63029) [x86_64-linux]
I, [2018-09-13T05:21:18.854790 #6160]  INFO -- default-ubuntu-1604:     program_name=/opt/chef/bin/chef-client
I, [2018-09-13T05:21:18.855511 #6160]  INFO -- default-ubuntu-1604:     executable=/opt/chef/bin/chef-client
I, [2018-09-13T05:21:18.855954 #6160]  INFO -- default-ubuntu-1604:     
I, [2018-09-13T05:21:18.856841 #6160]  INFO -- default-ubuntu-1604: 
I, [2018-09-13T05:21:18.857545 #6160]  INFO -- default-ubuntu-1604: Running handlers:
I, [2018-09-13T05:21:18.858254 #6160]  INFO -- default-ubuntu-1604: [2018-09-13T10:21:17+00:00] ERROR: Running exception handlers
I, [2018-09-13T05:21:18.858881 #6160]  INFO -- default-ubuntu-1604: [2018-09-13T10:21:17+00:00] ERROR: Running exception handlers
I, [2018-09-13T05:21:18.868845 #6160]  INFO -- default-ubuntu-1604: Running handlers complete
I, [2018-09-13T05:21:18.869528 #6160]  INFO -- default-ubuntu-1604: [2018-09-13T10:21:17+00:00] ERROR: Exception handlers complete
I, [2018-09-13T05:21:18.872356 #6160]  INFO -- default-ubuntu-1604: [2018-09-13T10:21:17+00:00] ERROR: Exception handlers complete
I, [2018-09-13T05:21:18.873087 #6160]  INFO -- default-ubuntu-1604: Chef Client failed. 0 resources updated in 09 seconds
I, [2018-09-13T05:21:18.873804 #6160]  INFO -- default-ubuntu-1604: [2018-09-13T10:21:17+00:00] FATAL: Stacktrace dumped to /tmp/kitchen/cache/chef-stacktrace.out
I, [2018-09-13T05:21:18.874363 #6160]  INFO -- default-ubuntu-1604: [2018-09-13T10:21:17+00:00] FATAL: Stacktrace dumped to /tmp/kitchen/cache/chef-stacktrace.out
I, [2018-09-13T05:21:18.875130 #6160]  INFO -- default-ubuntu-1604: [2018-09-13T10:21:17+00:00] FATAL: Please provide the contents of the stacktrace.out file if you file a bug report
I, [2018-09-13T05:21:18.875849 #6160]  INFO -- default-ubuntu-1604: [2018-09-13T10:21:17+00:00] FATAL: Please provide the contents of the stacktrace.out file if you file a bug report
I, [2018-09-13T05:21:18.884248 #6160]  INFO -- default-ubuntu-1604: [2018-09-13T10:21:17+00:00] FATAL: Mixlib::ShellOut::ShellCommandFailed: apt_package[nginx] (mynginx::default line 1) had an error: Mixlib::ShellOut::ShellCommandFailed: Expected process to exit with [0], but received '100'
I, [2018-09-13T05:21:18.884956 #6160]  INFO -- default-ubuntu-1604: ---- Begin output of ["apt-get", "-q", "-y", "-o", "Dpkg::Options::=--force-confdef", "-o", "Dpkg::Options::=--force-confold", "install", "nginx=1.10.3-0ubuntu0.16.04.2"] ----
I, [2018-09-13T05:21:18.887641 #6160]  INFO -- default-ubuntu-1604: STDOUT: Reading package lists...
I, [2018-09-13T05:21:18.888400 #6160]  INFO -- default-ubuntu-1604: Building dependency tree...
I, [2018-09-13T05:21:18.888957 #6160]  INFO -- default-ubuntu-1604: Reading state information...
I, [2018-09-13T05:21:18.889728 #6160]  INFO -- default-ubuntu-1604: The following additional packages will be installed:
I, [2018-09-13T05:21:18.890324 #6160]  INFO -- default-ubuntu-1604:   fontconfig-config fonts-dejavu-core libfontconfig1 libgd3 libjbig0
I, [2018-09-13T05:21:18.891037 #6160]  INFO -- default-ubuntu-1604:   libjpeg-turbo8 libjpeg8 libtiff5 libvpx3 libx11-6 libx11-data libxau6
I, [2018-09-13T05:21:18.891686 #6160]  INFO -- default-ubuntu-1604:   libxcb1 libxdmcp6 libxpm4 nginx-common nginx-core
I, [2018-09-13T05:21:18.898942 #6160]  INFO -- default-ubuntu-1604: Suggested packages:
I, [2018-09-13T05:21:18.901415 #6160]  INFO -- default-ubuntu-1604:   libgd-tools fcgiwrap nginx-doc ssl-cert
I, [2018-09-13T05:21:18.902439 #6160]  INFO -- default-ubuntu-1604: The following NEW packages will be installed:
I, [2018-09-13T05:21:18.902507 #6160]  INFO -- default-ubuntu-1604:   fontconfig-config fonts-dejavu-core libfontconfig1 libgd3 libjbig0
I, [2018-09-13T05:21:18.902572 #6160]  INFO -- default-ubuntu-1604:   libjpeg-turbo8 libjpeg8 libtiff5 libvpx3 libx11-6 libx11-data libxau6
I, [2018-09-13T05:21:18.902637 #6160]  INFO -- default-ubuntu-1604:   libxcb1 libxdmcp6 libxpm4 nginx nginx-common nginx-core
I, [2018-09-13T05:21:18.902701 #6160]  INFO -- default-ubuntu-1604: 0 upgraded, 18 newly installed, 0 to remove and 0 not upgraded.
I, [2018-09-13T05:21:18.902834 #6160]  INFO -- default-ubuntu-1604: Need to get 3600 kB of archives.
I, [2018-09-13T05:21:18.902904 #6160]  INFO -- default-ubuntu-1604: After this operation, 12.5 MB of additional disk space will be used.
I, [2018-09-13T05:21:18.902971 #6160]  INFO -- default-ubuntu-1604: Get:1 http://archive.ubuntu.com/ubuntu xenial/main amd64 libxau6 amd64 1:1.0.8-1 [8376 B]
I, [2018-09-13T05:21:18.903062 #6160]  INFO -- default-ubuntu-1604: Get:2 http://archive.ubuntu.com/ubuntu xenial-updates/main amd64 libjpeg-turbo8 amd64 1.4.2-0ubuntu3.1 [111 kB]
I, [2018-09-13T05:21:18.903127 #6160]  INFO -- default-ubuntu-1604: Get:3 http://archive.ubuntu.com/ubuntu xenial/main amd64 libjbig0 amd64 2.1-3.1 [26.6 kB]
I, [2018-09-13T05:21:18.903192 #6160]  INFO -- default-ubuntu-1604: Get:4 http://archive.ubuntu.com/ubuntu xenial/main amd64 libxdmcp6 amd64 1:1.1.2-1.1 [11.0 kB]
I, [2018-09-13T05:21:18.903256 #6160]  INFO -- default-ubuntu-1604: Get:5 http://archive.ubuntu.com/ubuntu xenial/main amd64 libxcb1 amd64 1.11.1-1ubuntu1 [40.0 kB]
I, [2018-09-13T05:21:18.903321 #6160]  INFO -- default-ubuntu-1604: Get:6 http://archive.ubuntu.com/ubuntu xenial/main amd64 libx11-data all 2:1.6.3-1ubuntu2 [113 kB]
I, [2018-09-13T05:21:18.903385 #6160]  INFO -- default-ubuntu-1604: Get:7 http://archive.ubuntu.com/ubuntu xenial/main amd64 libx11-6 amd64 2:1.6.3-1ubuntu2 [571 kB]
I, [2018-09-13T05:21:18.903452 #6160]  INFO -- default-ubuntu-1604: Get:8 http://archive.ubuntu.com/ubuntu xenial/main amd64 fonts-dejavu-core all 2.35-1 [1039 kB]
I, [2018-09-13T05:21:18.903516 #6160]  INFO -- default-ubuntu-1604: Get:9 http://archive.ubuntu.com/ubuntu xenial-updates/main amd64 fontconfig-config all 2.11.94-0ubuntu1.1 [49.9 kB]
I, [2018-09-13T05:21:18.903581 #6160]  INFO -- default-ubuntu-1604: Get:10 http://archive.ubuntu.com/ubuntu xenial-updates/main amd64 libfontconfig1 amd64 2.11.94-0ubuntu1.1 [131 kB]
I, [2018-09-13T05:21:18.903668 #6160]  INFO -- default-ubuntu-1604: Get:11 http://archive.ubuntu.com/ubuntu xenial/main amd64 libjpeg8 amd64 8c-2ubuntu8 [2194 B]
I, [2018-09-13T05:21:18.903733 #6160]  INFO -- default-ubuntu-1604: Get:12 http://archive.ubuntu.com/ubuntu xenial-updates/main amd64 libtiff5 amd64 4.0.6-1ubuntu0.4 [148 kB]
I, [2018-09-13T05:21:18.903797 #6160]  INFO -- default-ubuntu-1604: Get:13 http://archive.ubuntu.com/ubuntu xenial/main amd64 libvpx3 amd64 1.5.0-2ubuntu1 [732 kB]
I, [2018-09-13T05:21:18.903862 #6160]  INFO -- default-ubuntu-1604: Get:14 http://archive.ubuntu.com/ubuntu xenial-updates/main amd64 libxpm4 amd64 1:3.5.11-1ubuntu0.16.04.1 [33.8 kB]
I, [2018-09-13T05:21:18.903934 #6160]  INFO -- default-ubuntu-1604: Err:15 http://security.ubuntu.com/ubuntu xenial-security/main amd64 libgd3 amd64 2.1.1-4ubuntu0.16.04.8
I, [2018-09-13T05:21:18.903998 #6160]  INFO -- default-ubuntu-1604:   404  Not Found [IP: 91.189.88.162 80]
I, [2018-09-13T05:21:18.904061 #6160]  INFO -- default-ubuntu-1604: Get:16 http://archive.ubuntu.com/ubuntu xenial-updates/main amd64 nginx-common all 1.10.3-0ubuntu0.16.04.2 [26.6 kB]
I, [2018-09-13T05:21:18.904125 #6160]  INFO -- default-ubuntu-1604: Get:17 http://archive.ubuntu.com/ubuntu xenial-updates/main amd64 nginx-core amd64 1.10.3-0ubuntu0.16.04.2 [428 kB]
I, [2018-09-13T05:21:18.904189 #6160]  INFO -- default-ubuntu-1604: Err:15 http://security.ubuntu.com/ubuntu xenial-security/main amd64 libgd3 amd64 2.1.1-4ubuntu0.16.04.8
I, [2018-09-13T05:21:18.904252 #6160]  INFO -- default-ubuntu-1604:   404  Not Found [IP: 91.189.88.162 80]
I, [2018-09-13T05:21:18.904315 #6160]  INFO -- default-ubuntu-1604: Get:18 http://archive.ubuntu.com/ubuntu xenial-updates/main amd64 nginx all 1.10.3-0ubuntu0.16.04.2 [3490 B]
I, [2018-09-13T05:21:18.904381 #6160]  INFO -- default-ubuntu-1604: Fetched 3475 kB in 6s (528 kB/s)
I, [2018-09-13T05:21:18.904450 #6160]  INFO -- default-ubuntu-1604: STDERR: E: Failed to fetch http://security.ubuntu.com/ubuntu/pool/main/libg/libgd2/libgd3_2.1.1-4ubuntu0.16.04.8_amd64.deb  404  Not Found [IP: 91.189.88.162 80]
I, [2018-09-13T05:21:18.904514 #6160]  INFO -- default-ubuntu-1604: 
I, [2018-09-13T05:21:18.904595 #6160]  INFO -- default-ubuntu-1604: E: Unable to fetch some archives, maybe run apt-get update or try with --fix-missing?
I, [2018-09-13T05:21:18.904662 #6160]  INFO -- default-ubuntu-1604: ---- End output of ["apt-get", "-q", "-y", "-o", "Dpkg::Options::=--force-confdef", "-o", "Dpkg::Options::=--force-confold", "install", "nginx=1.10.3-0ubuntu0.16.04.2"] ----
I, [2018-09-13T05:21:18.904726 #6160]  INFO -- default-ubuntu-1604: Ran ["apt-get", "-q", "-y", "-o", "Dpkg::Options::=--force-confdef", "-o", "Dpkg::Options::=--force-confold", "install", "nginx=1.10.3-0ubuntu0.16.04.2"] returned 100
I, [2018-09-13T05:21:18.904790 #6160]  INFO -- default-ubuntu-1604: [2018-09-13T10:21:17+00:00] FATAL: Mixlib::ShellOut::ShellCommandFailed: apt_package[nginx] (mynginx::default line 1) had an error: Mixlib::ShellOut::ShellCommandFailed: Expected process to exit with [0], but received '100'
I, [2018-09-13T05:21:18.904855 #6160]  INFO -- default-ubuntu-1604: ---- Begin output of ["apt-get", "-q", "-y", "-o", "Dpkg::Options::=--force-confdef", "-o", "Dpkg::Options::=--force-confold", "install", "nginx=1.10.3-0ubuntu0.16.04.2"] ----
I, [2018-09-13T05:21:18.904921 #6160]  INFO -- default-ubuntu-1604: STDOUT: Reading package lists...
I, [2018-09-13T05:21:18.904984 #6160]  INFO -- default-ubuntu-1604: Building dependency tree...
I, [2018-09-13T05:21:18.905047 #6160]  INFO -- default-ubuntu-1604: Reading state information...
I, [2018-09-13T05:21:18.905112 #6160]  INFO -- default-ubuntu-1604: The following additional packages will be installed:
I, [2018-09-13T05:21:18.905192 #6160]  INFO -- default-ubuntu-1604:   fontconfig-config fonts-dejavu-core libfontconfig1 libgd3 libjbig0
I, [2018-09-13T05:21:18.905260 #6160]  INFO -- default-ubuntu-1604:   libjpeg-turbo8 libjpeg8 libtiff5 libvpx3 libx11-6 libx11-data libxau6
I, [2018-09-13T05:21:18.905325 #6160]  INFO -- default-ubuntu-1604:   libxcb1 libxdmcp6 libxpm4 nginx-common nginx-core
I, [2018-09-13T05:21:18.905387 #6160]  INFO -- default-ubuntu-1604: Suggested packages:
I, [2018-09-13T05:21:18.905456 #6160]  INFO -- default-ubuntu-1604:   libgd-tools fcgiwrap nginx-doc ssl-cert
I, [2018-09-13T05:21:18.905520 #6160]  INFO -- default-ubuntu-1604: The following NEW packages will be installed:
I, [2018-09-13T05:21:18.905583 #6160]  INFO -- default-ubuntu-1604:   fontconfig-config fonts-dejavu-core libfontconfig1 libgd3 libjbig0
I, [2018-09-13T05:21:19.007833 #6160]  INFO -- default-ubuntu-1604:   libjpeg-turbo8 libjpeg8 libtiff5 libvpx3 libx11-6 libx11-data libxau6
I, [2018-09-13T05:21:19.007976 #6160]  INFO -- default-ubuntu-1604:   libxcb1 libxdmcp6 libxpm4 nginx nginx-common nginx-core
I, [2018-09-13T05:21:19.008046 #6160]  INFO -- default-ubuntu-1604: 0 upgraded, 18 newly installed, 0 to remove and 0 not upgraded.
I, [2018-09-13T05:21:19.008113 #6160]  INFO -- default-ubuntu-1604: Need to get 3600 kB of archives.
I, [2018-09-13T05:21:19.008177 #6160]  INFO -- default-ubuntu-1604: After this operation, 12.5 MB of additional disk space will be used.
I, [2018-09-13T05:21:19.008242 #6160]  INFO -- default-ubuntu-1604: Get:1 http://archive.ubuntu.com/ubuntu xenial/main amd64 libxau6 amd64 1:1.0.8-1 [8376 B]
I, [2018-09-13T05:21:19.008308 #6160]  INFO -- default-ubuntu-1604: Get:2 http://archive.ubuntu.com/ubuntu xenial-updates/main amd64 libjpeg-turbo8 amd64 1.4.2-0ubuntu3.1 [111 kB]
I, [2018-09-13T05:21:19.008373 #6160]  INFO -- default-ubuntu-1604: Get:3 http://archive.ubuntu.com/ubuntu xenial/main amd64 libjbig0 amd64 2.1-3.1 [26.6 kB]
I, [2018-09-13T05:21:19.008440 #6160]  INFO -- default-ubuntu-1604: Get:4 http://archive.ubuntu.com/ubuntu xenial/main amd64 libxdmcp6 amd64 1:1.1.2-1.1 [11.0 kB]
I, [2018-09-13T05:21:19.008506 #6160]  INFO -- default-ubuntu-1604: Get:5 http://archive.ubuntu.com/ubuntu xenial/main amd64 libxcb1 amd64 1.11.1-1ubuntu1 [40.0 kB]
I, [2018-09-13T05:21:19.008584 #6160]  INFO -- default-ubuntu-1604: Get:6 http://archive.ubuntu.com/ubuntu xenial/main amd64 libx11-data all 2:1.6.3-1ubuntu2 [113 kB]
I, [2018-09-13T05:21:19.008651 #6160]  INFO -- default-ubuntu-1604: Get:7 http://archive.ubuntu.com/ubuntu xenial/main amd64 libx11-6 amd64 2:1.6.3-1ubuntu2 [571 kB]
I, [2018-09-13T05:21:19.008722 #6160]  INFO -- default-ubuntu-1604: Get:8 http://archive.ubuntu.com/ubuntu xenial/main amd64 fonts-dejavu-core all 2.35-1 [1039 kB]
I, [2018-09-13T05:21:19.008797 #6160]  INFO -- default-ubuntu-1604: Get:9 http://archive.ubuntu.com/ubuntu xenial-updates/main amd64 fontconfig-config all 2.11.94-0ubuntu1.1 [49.9 kB]
I, [2018-09-13T05:21:19.008868 #6160]  INFO -- default-ubuntu-1604: Get:10 http://archive.ubuntu.com/ubuntu xenial-updates/main amd64 libfontconfig1 amd64 2.11.94-0ubuntu1.1 [131 kB]
I, [2018-09-13T05:21:19.008953 #6160]  INFO -- default-ubuntu-1604: Get:11 http://archive.ubuntu.com/ubuntu xenial/main amd64 libjpeg8 amd64 8c-2ubuntu8 [2194 B]
I, [2018-09-13T05:21:19.009026 #6160]  INFO -- default-ubuntu-1604: Get:12 http://archive.ubuntu.com/ubuntu xenial-updates/main amd64 libtiff5 amd64 4.0.6-1ubuntu0.4 [148 kB]
I, [2018-09-13T05:21:19.009095 #6160]  INFO -- default-ubuntu-1604: Get:13 http://archive.ubuntu.com/ubuntu xenial/main amd64 libvpx3 amd64 1.5.0-2ubuntu1 [732 kB]
I, [2018-09-13T05:21:19.009163 #6160]  INFO -- default-ubuntu-1604: Get:14 http://archive.ubuntu.com/ubuntu xenial-updates/main amd64 libxpm4 amd64 1:3.5.11-1ubuntu0.16.04.1 [33.8 kB]
I, [2018-09-13T05:21:19.009229 #6160]  INFO -- default-ubuntu-1604: Err:15 http://security.ubuntu.com/ubuntu xenial-security/main amd64 libgd3 amd64 2.1.1-4ubuntu0.16.04.8
I, [2018-09-13T05:21:19.037831 #6160]  INFO -- default-ubuntu-1604:   404  Not Found [IP: 91.189.88.162 80]
I, [2018-09-13T05:21:19.037974 #6160]  INFO -- default-ubuntu-1604: Get:16 http://archive.ubuntu.com/ubuntu xenial-updates/main amd64 nginx-common all 1.10.3-0ubuntu0.16.04.2 [26.6 kB]
I, [2018-09-13T05:21:19.038042 #6160]  INFO -- default-ubuntu-1604: Get:17 http://archive.ubuntu.com/ubuntu xenial-updates/main amd64 nginx-core amd64 1.10.3-0ubuntu0.16.04.2 [428 kB]
I, [2018-09-13T05:21:19.038106 #6160]  INFO -- default-ubuntu-1604: Err:15 http://security.ubuntu.com/ubuntu xenial-security/main amd64 libgd3 amd64 2.1.1-4ubuntu0.16.04.8
I, [2018-09-13T05:21:19.038170 #6160]  INFO -- default-ubuntu-1604:   404  Not Found [IP: 91.189.88.162 80]
I, [2018-09-13T05:21:19.038233 #6160]  INFO -- default-ubuntu-1604: Get:18 http://archive.ubuntu.com/ubuntu xenial-updates/main amd64 nginx all 1.10.3-0ubuntu0.16.04.2 [3490 B]
I, [2018-09-13T05:21:19.038384 #6160]  INFO -- default-ubuntu-1604: Fetched 3475 kB in 6s (528 kB/s)
I, [2018-09-13T05:21:19.038472 #6160]  INFO -- default-ubuntu-1604: STDERR: E: Failed to fetch http://security.ubuntu.com/ubuntu/pool/main/libg/libgd2/libgd3_2.1.1-4ubuntu0.16.04.8_amd64.deb  404  Not Found [IP: 91.189.88.162 80]
I, [2018-09-13T05:21:19.038543 #6160]  INFO -- default-ubuntu-1604: 
I, [2018-09-13T05:21:19.038605 #6160]  INFO -- default-ubuntu-1604: E: Unable to fetch some archives, maybe run apt-get update or try with --fix-missing?
I, [2018-09-13T05:21:19.038671 #6160]  INFO -- default-ubuntu-1604: ---- End output of ["apt-get", "-q", "-y", "-o", "Dpkg::Options::=--force-confdef", "-o", "Dpkg::Options::=--force-confold", "install", "nginx=1.10.3-0ubuntu0.16.04.2"] ----
I, [2018-09-13T05:21:19.038740 #6160]  INFO -- default-ubuntu-1604: Ran ["apt-get", "-q", "-y", "-o", "Dpkg::Options::=--force-confdef", "-o", "Dpkg::Options::=--force-confold", "install", "nginx=1.10.3-0ubuntu0.16.04.2"] returned 100
E, [2018-09-13T05:21:19.069384 #6160] ERROR -- default-ubuntu-1604: Converge failed on instance <default-ubuntu-1604>.
E, [2018-09-13T05:21:19.074817 #6160] ERROR -- default-ubuntu-1604: ------Exception-------
E, [2018-09-13T05:21:19.074925 #6160] ERROR -- default-ubuntu-1604: Class: Kitchen::ActionFailed
E, [2018-09-13T05:21:19.074992 #6160] ERROR -- default-ubuntu-1604: Message: SSH exited (1) for command: [sh -c '
TEST_KITCHEN="1"; export TEST_KITCHEN
sudo -E /opt/chef/bin/chef-client --local-mode --config /tmp/kitchen/client.rb --log_level auto --force-formatter --no-color --json-attributes /tmp/kitchen/dna.json --chef-zero-port 8889 
']
E, [2018-09-13T05:21:19.075179 #6160] ERROR -- default-ubuntu-1604: ----------------------
E, [2018-09-13T05:21:19.075264 #6160] ERROR -- default-ubuntu-1604: ------Backtrace-------
E, [2018-09-13T05:21:19.075343 #6160] ERROR -- default-ubuntu-1604: C:/opscode/chefdk/embedded/lib/ruby/gems/2.5.0/gems/test-kitchen-1.23.2/lib/kitchen/provisioner/base.rb:91:in `rescue in call'
E, [2018-09-13T05:21:19.075409 #6160] ERROR -- default-ubuntu-1604: C:/opscode/chefdk/embedded/lib/ruby/gems/2.5.0/gems/test-kitchen-1.23.2/lib/kitchen/provisioner/base.rb:67:in `call'
E, [2018-09-13T05:21:19.075502 #6160] ERROR -- default-ubuntu-1604: C:/opscode/chefdk/embedded/lib/ruby/gems/2.5.0/gems/test-kitchen-1.23.2/lib/kitchen/instance.rb:408:in `block in converge_action'
E, [2018-09-13T05:21:19.075591 #6160] ERROR -- default-ubuntu-1604: C:/opscode/chefdk/embedded/lib/ruby/gems/2.5.0/gems/test-kitchen-1.23.2/lib/kitchen/instance.rb:551:in `synchronize_or_call'
E, [2018-09-13T05:21:19.075662 #6160] ERROR -- default-ubuntu-1604: C:/opscode/chefdk/embedded/lib/ruby/gems/2.5.0/gems/test-kitchen-1.23.2/lib/kitchen/instance.rb:513:in `block in action'
E, [2018-09-13T05:21:19.075730 #6160] ERROR -- default-ubuntu-1604: C:/opscode/chefdk/embedded/lib/ruby/2.5.0/benchmark.rb:293:in `measure'
E, [2018-09-13T05:21:19.075826 #6160] ERROR -- default-ubuntu-1604: C:/opscode/chefdk/embedded/lib/ruby/gems/2.5.0/gems/test-kitchen-1.23.2/lib/kitchen/instance.rb:512:in `action'
E, [2018-09-13T05:21:19.075936 #6160] ERROR -- default-ubuntu-1604: C:/opscode/chefdk/embedded/lib/ruby/gems/2.5.0/gems/test-kitchen-1.23.2/lib/kitchen/instance.rb:404:in `converge_action'
E, [2018-09-13T05:21:19.076013 #6160] ERROR -- default-ubuntu-1604: C:/opscode/chefdk/embedded/lib/ruby/gems/2.5.0/gems/test-kitchen-1.23.2/lib/kitchen/instance.rb:382:in `block (2 levels) in transition_to'
E, [2018-09-13T05:21:19.076077 #6160] ERROR -- default-ubuntu-1604: C:/opscode/chefdk/embedded/lib/ruby/gems/2.5.0/gems/test-kitchen-1.23.2/lib/kitchen/lifecycle_hooks.rb:45:in `run_with_hooks'
E, [2018-09-13T05:21:19.076140 #6160] ERROR -- default-ubuntu-1604: C:/opscode/chefdk/embedded/lib/ruby/gems/2.5.0/gems/test-kitchen-1.23.2/lib/kitchen/instance.rb:381:in `block in transition_to'
E, [2018-09-13T05:21:19.076204 #6160] ERROR -- default-ubuntu-1604: C:/opscode/chefdk/embedded/lib/ruby/gems/2.5.0/gems/test-kitchen-1.23.2/lib/kitchen/instance.rb:380:in `each'
E, [2018-09-13T05:21:19.076267 #6160] ERROR -- default-ubuntu-1604: C:/opscode/chefdk/embedded/lib/ruby/gems/2.5.0/gems/test-kitchen-1.23.2/lib/kitchen/instance.rb:380:in `transition_to'
E, [2018-09-13T05:21:19.076339 #6160] ERROR -- default-ubuntu-1604: C:/opscode/chefdk/embedded/lib/ruby/gems/2.5.0/gems/test-kitchen-1.23.2/lib/kitchen/instance.rb:140:in `converge'
E, [2018-09-13T05:21:19.076413 #6160] ERROR -- default-ubuntu-1604: C:/opscode/chefdk/embedded/lib/ruby/gems/2.5.0/gems/test-kitchen-1.23.2/lib/kitchen/command.rb:197:in `public_send'
E, [2018-09-13T05:21:19.076478 #6160] ERROR -- default-ubuntu-1604: C:/opscode/chefdk/embedded/lib/ruby/gems/2.5.0/gems/test-kitchen-1.23.2/lib/kitchen/command.rb:197:in `run_action_in_thread'
E, [2018-09-13T05:21:19.076536 #6160] ERROR -- default-ubuntu-1604: C:/opscode/chefdk/embedded/lib/ruby/gems/2.5.0/gems/test-kitchen-1.23.2/lib/kitchen/command.rb:169:in `block (2 levels) in run_action'
E, [2018-09-13T05:21:19.076592 #6160] ERROR -- default-ubuntu-1604: ----End Backtrace-----
E, [2018-09-13T05:21:19.076648 #6160] ERROR -- default-ubuntu-1604: ---Nested Exception---
E, [2018-09-13T05:21:19.076703 #6160] ERROR -- default-ubuntu-1604: Class: Kitchen::Transport::SshFailed
E, [2018-09-13T05:21:19.076759 #6160] ERROR -- default-ubuntu-1604: Message: SSH exited (1) for command: [sh -c '
TEST_KITCHEN="1"; export TEST_KITCHEN
sudo -E /opt/chef/bin/chef-client --local-mode --config /tmp/kitchen/client.rb --log_level auto --force-formatter --no-color --json-attributes /tmp/kitchen/dna.json --chef-zero-port 8889 
']
E, [2018-09-13T05:21:19.076816 #6160] ERROR -- default-ubuntu-1604: ----------------------
E, [2018-09-13T05:21:19.076976 #6160] ERROR -- default-ubuntu-1604: ------Backtrace-------
E, [2018-09-13T05:21:19.077039 #6160] ERROR -- default-ubuntu-1604: C:/opscode/chefdk/embedded/lib/ruby/gems/2.5.0/gems/test-kitchen-1.23.2/lib/kitchen/provisioner/base.rb:91:in `rescue in call'
E, [2018-09-13T05:21:19.077101 #6160] ERROR -- default-ubuntu-1604: C:/opscode/chefdk/embedded/lib/ruby/gems/2.5.0/gems/test-kitchen-1.23.2/lib/kitchen/provisioner/base.rb:67:in `call'
E, [2018-09-13T05:21:19.077159 #6160] ERROR -- default-ubuntu-1604: C:/opscode/chefdk/embedded/lib/ruby/gems/2.5.0/gems/test-kitchen-1.23.2/lib/kitchen/instance.rb:408:in `block in converge_action'
E, [2018-09-13T05:21:19.077215 #6160] ERROR -- default-ubuntu-1604: C:/opscode/chefdk/embedded/lib/ruby/gems/2.5.0/gems/test-kitchen-1.23.2/lib/kitchen/instance.rb:551:in `synchronize_or_call'
E, [2018-09-13T05:21:19.077272 #6160] ERROR -- default-ubuntu-1604: C:/opscode/chefdk/embedded/lib/ruby/gems/2.5.0/gems/test-kitchen-1.23.2/lib/kitchen/instance.rb:513:in `block in action'
E, [2018-09-13T05:21:19.077328 #6160] ERROR -- default-ubuntu-1604: C:/opscode/chefdk/embedded/lib/ruby/2.5.0/benchmark.rb:293:in `measure'
E, [2018-09-13T05:21:19.077384 #6160] ERROR -- default-ubuntu-1604: C:/opscode/chefdk/embedded/lib/ruby/gems/2.5.0/gems/test-kitchen-1.23.2/lib/kitchen/instance.rb:512:in `action'
E, [2018-09-13T05:21:19.077444 #6160] ERROR -- default-ubuntu-1604: C:/opscode/chefdk/embedded/lib/ruby/gems/2.5.0/gems/test-kitchen-1.23.2/lib/kitchen/instance.rb:404:in `converge_action'
E, [2018-09-13T05:21:19.077514 #6160] ERROR -- default-ubuntu-1604: C:/opscode/chefdk/embedded/lib/ruby/gems/2.5.0/gems/test-kitchen-1.23.2/lib/kitchen/instance.rb:382:in `block (2 levels) in transition_to'
E, [2018-09-13T05:21:19.077577 #6160] ERROR -- default-ubuntu-1604: C:/opscode/chefdk/embedded/lib/ruby/gems/2.5.0/gems/test-kitchen-1.23.2/lib/kitchen/lifecycle_hooks.rb:45:in `run_with_hooks'
E, [2018-09-13T05:21:19.077634 #6160] ERROR -- default-ubuntu-1604: C:/opscode/chefdk/embedded/lib/ruby/gems/2.5.0/gems/test-kitchen-1.23.2/lib/kitchen/instance.rb:381:in `block in transition_to'
E, [2018-09-13T05:21:19.077691 #6160] ERROR -- default-ubuntu-1604: C:/opscode/chefdk/embedded/lib/ruby/gems/2.5.0/gems/test-kitchen-1.23.2/lib/kitchen/instance.rb:380:in `each'
E, [2018-09-13T05:21:19.077746 #6160] ERROR -- default-ubuntu-1604: C:/opscode/chefdk/embedded/lib/ruby/gems/2.5.0/gems/test-kitchen-1.23.2/lib/kitchen/instance.rb:380:in `transition_to'
E, [2018-09-13T05:21:19.077802 #6160] ERROR -- default-ubuntu-1604: C:/opscode/chefdk/embedded/lib/ruby/gems/2.5.0/gems/test-kitchen-1.23.2/lib/kitchen/instance.rb:140:in `converge'
E, [2018-09-13T05:21:19.077858 #6160] ERROR -- default-ubuntu-1604: C:/opscode/chefdk/embedded/lib/ruby/gems/2.5.0/gems/test-kitchen-1.23.2/lib/kitchen/command.rb:197:in `public_send'
E, [2018-09-13T05:21:19.077914 #6160] ERROR -- default-ubuntu-1604: C:/opscode/chefdk/embedded/lib/ruby/gems/2.5.0/gems/test-kitchen-1.23.2/lib/kitchen/command.rb:197:in `run_action_in_thread'
E, [2018-09-13T05:21:19.077972 #6160] ERROR -- default-ubuntu-1604: C:/opscode/chefdk/embedded/lib/ruby/gems/2.5.0/gems/test-kitchen-1.23.2/lib/kitchen/command.rb:169:in `block (2 levels) in run_action'
E, [2018-09-13T05:21:19.078029 #6160] ERROR -- default-ubuntu-1604: ----End Backtrace-----
