I, [2018-09-13T05:20:54.866518 #6160]  INFO -- Kitchen: -----> Starting Kitchen (v1.23.2)
I, [2018-09-13T05:21:04.109877 #6160]  INFO -- Kitchen: -----> Converging <default-ubuntu-1604>...
I, [2018-09-13T05:21:19.079471 #6160]  INFO -- Kitchen: -----> Creating <default-centos-7>...
I, [2018-09-13T05:22:00.018275 #6160]  INFO -- Kitchen: -----> Converging <default-centos-7>...
E, [2018-09-13T05:22:33.530529 #6160] ERROR -- Kitchen: ------Exception-------
E, [2018-09-13T05:22:33.531087 #6160] ERROR -- Kitchen: Class: Kitchen::ActionFailed
E, [2018-09-13T05:22:33.531170 #6160] ERROR -- Kitchen: Message: 2 actions failed.
>>>>>>     Converge failed on instance <default-ubuntu-1604>.  Please see .kitchen/logs/default-ubuntu-1604.log for more details
>>>>>>     Converge failed on instance <default-centos-7>.  Please see .kitchen/logs/default-centos-7.log for more details
E, [2018-09-13T05:22:33.532631 #6160] ERROR -- Kitchen: ----------------------
E, [2018-09-13T05:22:33.537611 #6160] ERROR -- Kitchen: ------Backtrace-------
E, [2018-09-13T05:22:33.537692 #6160] ERROR -- Kitchen: C:/opscode/chefdk/embedded/lib/ruby/gems/2.5.0/gems/test-kitchen-1.23.2/lib/kitchen/command.rb:183:in `report_errors'
E, [2018-09-13T05:22:33.537755 #6160] ERROR -- Kitchen: C:/opscode/chefdk/embedded/lib/ruby/gems/2.5.0/gems/test-kitchen-1.23.2/lib/kitchen/command.rb:174:in `run_action'
E, [2018-09-13T05:22:33.537817 #6160] ERROR -- Kitchen: C:/opscode/chefdk/embedded/lib/ruby/gems/2.5.0/gems/test-kitchen-1.23.2/lib/kitchen/command/action.rb:36:in `block in call'
E, [2018-09-13T05:22:33.537897 #6160] ERROR -- Kitchen: C:/opscode/chefdk/embedded/lib/ruby/2.5.0/benchmark.rb:293:in `measure'
E, [2018-09-13T05:22:33.537969 #6160] ERROR -- Kitchen: C:/opscode/chefdk/embedded/lib/ruby/gems/2.5.0/gems/test-kitchen-1.23.2/lib/kitchen/command/action.rb:34:in `call'
E, [2018-09-13T05:22:33.538036 #6160] ERROR -- Kitchen: C:/opscode/chefdk/embedded/lib/ruby/gems/2.5.0/gems/test-kitchen-1.23.2/lib/kitchen/cli.rb:52:in `perform'
E, [2018-09-13T05:22:33.538102 #6160] ERROR -- Kitchen: C:/opscode/chefdk/embedded/lib/ruby/gems/2.5.0/gems/test-kitchen-1.23.2/lib/kitchen/cli.rb:193:in `block (2 levels) in <class:CLI>'
E, [2018-09-13T05:22:33.538167 #6160] ERROR -- Kitchen: C:/opscode/chefdk/embedded/lib/ruby/gems/2.5.0/gems/thor-0.20.0/lib/thor/command.rb:27:in `run'
E, [2018-09-13T05:22:33.538229 #6160] ERROR -- Kitchen: C:/opscode/chefdk/embedded/lib/ruby/gems/2.5.0/gems/thor-0.20.0/lib/thor/invocation.rb:126:in `invoke_command'
E, [2018-09-13T05:22:33.538292 #6160] ERROR -- Kitchen: C:/opscode/chefdk/embedded/lib/ruby/gems/2.5.0/gems/thor-0.20.0/lib/thor.rb:387:in `dispatch'
E, [2018-09-13T05:22:33.538357 #6160] ERROR -- Kitchen: C:/opscode/chefdk/embedded/lib/ruby/gems/2.5.0/gems/thor-0.20.0/lib/thor/base.rb:466:in `start'
E, [2018-09-13T05:22:33.538422 #6160] ERROR -- Kitchen: C:/opscode/chefdk/embedded/lib/ruby/gems/2.5.0/gems/test-kitchen-1.23.2/bin/kitchen:13:in `block in <top (required)>'
E, [2018-09-13T05:22:33.538496 #6160] ERROR -- Kitchen: C:/opscode/chefdk/embedded/lib/ruby/gems/2.5.0/gems/test-kitchen-1.23.2/lib/kitchen/errors.rb:171:in `with_friendly_errors'
E, [2018-09-13T05:22:33.538566 #6160] ERROR -- Kitchen: C:/opscode/chefdk/embedded/lib/ruby/gems/2.5.0/gems/test-kitchen-1.23.2/bin/kitchen:13:in `<top (required)>'
E, [2018-09-13T05:22:33.538632 #6160] ERROR -- Kitchen: C:/opscode/chefdk/bin/kitchen:306:in `load'
E, [2018-09-13T05:22:33.538733 #6160] ERROR -- Kitchen: C:/opscode/chefdk/bin/kitchen:306:in `<main>'
E, [2018-09-13T05:22:33.538799 #6160] ERROR -- Kitchen: ----End Backtrace-----
E, [2018-09-13T05:22:33.538862 #6160] ERROR -- Kitchen: -Composite Exception--
E, [2018-09-13T05:22:33.538932 #6160] ERROR -- Kitchen: Class: Kitchen::InstanceFailure
E, [2018-09-13T05:22:33.538998 #6160] ERROR -- Kitchen: Message: Converge failed on instance <default-ubuntu-1604>.  Please see .kitchen/logs/default-ubuntu-1604.log for more details
E, [2018-09-13T05:22:33.539060 #6160] ERROR -- Kitchen: ----------------------
E, [2018-09-13T05:22:33.539120 #6160] ERROR -- Kitchen: ------Backtrace-------
E, [2018-09-13T05:22:33.539230 #6160] ERROR -- Kitchen: C:/opscode/chefdk/embedded/lib/ruby/gems/2.5.0/gems/test-kitchen-1.23.2/lib/kitchen/provisioner/base.rb:91:in `rescue in call'
E, [2018-09-13T05:22:33.539297 #6160] ERROR -- Kitchen: C:/opscode/chefdk/embedded/lib/ruby/gems/2.5.0/gems/test-kitchen-1.23.2/lib/kitchen/provisioner/base.rb:67:in `call'
E, [2018-09-13T05:22:33.539359 #6160] ERROR -- Kitchen: C:/opscode/chefdk/embedded/lib/ruby/gems/2.5.0/gems/test-kitchen-1.23.2/lib/kitchen/instance.rb:408:in `block in converge_action'
E, [2018-09-13T05:22:33.539426 #6160] ERROR -- Kitchen: C:/opscode/chefdk/embedded/lib/ruby/gems/2.5.0/gems/test-kitchen-1.23.2/lib/kitchen/instance.rb:551:in `synchronize_or_call'
E, [2018-09-13T05:22:33.539491 #6160] ERROR -- Kitchen: C:/opscode/chefdk/embedded/lib/ruby/gems/2.5.0/gems/test-kitchen-1.23.2/lib/kitchen/instance.rb:513:in `block in action'
E, [2018-09-13T05:22:33.539552 #6160] ERROR -- Kitchen: C:/opscode/chefdk/embedded/lib/ruby/2.5.0/benchmark.rb:293:in `measure'
E, [2018-09-13T05:22:33.539612 #6160] ERROR -- Kitchen: C:/opscode/chefdk/embedded/lib/ruby/gems/2.5.0/gems/test-kitchen-1.23.2/lib/kitchen/instance.rb:512:in `action'
E, [2018-09-13T05:22:33.539672 #6160] ERROR -- Kitchen: C:/opscode/chefdk/embedded/lib/ruby/gems/2.5.0/gems/test-kitchen-1.23.2/lib/kitchen/instance.rb:404:in `converge_action'
E, [2018-09-13T05:22:33.539734 #6160] ERROR -- Kitchen: C:/opscode/chefdk/embedded/lib/ruby/gems/2.5.0/gems/test-kitchen-1.23.2/lib/kitchen/instance.rb:382:in `block (2 levels) in transition_to'
E, [2018-09-13T05:22:33.539795 #6160] ERROR -- Kitchen: C:/opscode/chefdk/embedded/lib/ruby/gems/2.5.0/gems/test-kitchen-1.23.2/lib/kitchen/lifecycle_hooks.rb:45:in `run_with_hooks'
E, [2018-09-13T05:22:33.539856 #6160] ERROR -- Kitchen: C:/opscode/chefdk/embedded/lib/ruby/gems/2.5.0/gems/test-kitchen-1.23.2/lib/kitchen/instance.rb:381:in `block in transition_to'
E, [2018-09-13T05:22:33.539916 #6160] ERROR -- Kitchen: C:/opscode/chefdk/embedded/lib/ruby/gems/2.5.0/gems/test-kitchen-1.23.2/lib/kitchen/instance.rb:380:in `each'
E, [2018-09-13T05:22:33.539979 #6160] ERROR -- Kitchen: C:/opscode/chefdk/embedded/lib/ruby/gems/2.5.0/gems/test-kitchen-1.23.2/lib/kitchen/instance.rb:380:in `transition_to'
E, [2018-09-13T05:22:33.540040 #6160] ERROR -- Kitchen: C:/opscode/chefdk/embedded/lib/ruby/gems/2.5.0/gems/test-kitchen-1.23.2/lib/kitchen/instance.rb:140:in `converge'
E, [2018-09-13T05:22:33.540100 #6160] ERROR -- Kitchen: C:/opscode/chefdk/embedded/lib/ruby/gems/2.5.0/gems/test-kitchen-1.23.2/lib/kitchen/command.rb:197:in `public_send'
E, [2018-09-13T05:22:33.540160 #6160] ERROR -- Kitchen: C:/opscode/chefdk/embedded/lib/ruby/gems/2.5.0/gems/test-kitchen-1.23.2/lib/kitchen/command.rb:197:in `run_action_in_thread'
E, [2018-09-13T05:22:33.540221 #6160] ERROR -- Kitchen: C:/opscode/chefdk/embedded/lib/ruby/gems/2.5.0/gems/test-kitchen-1.23.2/lib/kitchen/command.rb:169:in `block (2 levels) in run_action'
E, [2018-09-13T05:22:33.540281 #6160] ERROR -- Kitchen: ----End Backtrace-----
E, [2018-09-13T05:22:33.540341 #6160] ERROR -- Kitchen: ---Nested Exception---
E, [2018-09-13T05:22:33.540401 #6160] ERROR -- Kitchen: Class: Kitchen::ActionFailed
E, [2018-09-13T05:22:33.540461 #6160] ERROR -- Kitchen: Message: SSH exited (1) for command: [sh -c '
TEST_KITCHEN="1"; export TEST_KITCHEN
sudo -E /opt/chef/bin/chef-client --local-mode --config /tmp/kitchen/client.rb --log_level auto --force-formatter --no-color --json-attributes /tmp/kitchen/dna.json --chef-zero-port 8889 
']
E, [2018-09-13T05:22:33.540531 #6160] ERROR -- Kitchen: ----------------------
E, [2018-09-13T05:22:33.540592 #6160] ERROR -- Kitchen: ------Backtrace-------
E, [2018-09-13T05:22:33.540653 #6160] ERROR -- Kitchen: C:/opscode/chefdk/embedded/lib/ruby/gems/2.5.0/gems/test-kitchen-1.23.2/lib/kitchen/provisioner/base.rb:91:in `rescue in call'
E, [2018-09-13T05:22:33.540715 #6160] ERROR -- Kitchen: C:/opscode/chefdk/embedded/lib/ruby/gems/2.5.0/gems/test-kitchen-1.23.2/lib/kitchen/provisioner/base.rb:67:in `call'
E, [2018-09-13T05:22:33.540814 #6160] ERROR -- Kitchen: C:/opscode/chefdk/embedded/lib/ruby/gems/2.5.0/gems/test-kitchen-1.23.2/lib/kitchen/instance.rb:408:in `block in converge_action'
E, [2018-09-13T05:22:33.540882 #6160] ERROR -- Kitchen: C:/opscode/chefdk/embedded/lib/ruby/gems/2.5.0/gems/test-kitchen-1.23.2/lib/kitchen/instance.rb:551:in `synchronize_or_call'
E, [2018-09-13T05:22:33.540944 #6160] ERROR -- Kitchen: C:/opscode/chefdk/embedded/lib/ruby/gems/2.5.0/gems/test-kitchen-1.23.2/lib/kitchen/instance.rb:513:in `block in action'
E, [2018-09-13T05:22:33.541046 #6160] ERROR -- Kitchen: C:/opscode/chefdk/embedded/lib/ruby/2.5.0/benchmark.rb:293:in `measure'
E, [2018-09-13T05:22:33.541108 #6160] ERROR -- Kitchen: C:/opscode/chefdk/embedded/lib/ruby/gems/2.5.0/gems/test-kitchen-1.23.2/lib/kitchen/instance.rb:512:in `action'
E, [2018-09-13T05:22:33.541169 #6160] ERROR -- Kitchen: C:/opscode/chefdk/embedded/lib/ruby/gems/2.5.0/gems/test-kitchen-1.23.2/lib/kitchen/instance.rb:404:in `converge_action'
E, [2018-09-13T05:22:33.541230 #6160] ERROR -- Kitchen: C:/opscode/chefdk/embedded/lib/ruby/gems/2.5.0/gems/test-kitchen-1.23.2/lib/kitchen/instance.rb:382:in `block (2 levels) in transition_to'
E, [2018-09-13T05:22:33.541290 #6160] ERROR -- Kitchen: C:/opscode/chefdk/embedded/lib/ruby/gems/2.5.0/gems/test-kitchen-1.23.2/lib/kitchen/lifecycle_hooks.rb:45:in `run_with_hooks'
E, [2018-09-13T05:22:33.541352 #6160] ERROR -- Kitchen: C:/opscode/chefdk/embedded/lib/ruby/gems/2.5.0/gems/test-kitchen-1.23.2/lib/kitchen/instance.rb:381:in `block in transition_to'
E, [2018-09-13T05:22:33.541412 #6160] ERROR -- Kitchen: C:/opscode/chefdk/embedded/lib/ruby/gems/2.5.0/gems/test-kitchen-1.23.2/lib/kitchen/instance.rb:380:in `each'
E, [2018-09-13T05:22:33.541478 #6160] ERROR -- Kitchen: C:/opscode/chefdk/embedded/lib/ruby/gems/2.5.0/gems/test-kitchen-1.23.2/lib/kitchen/instance.rb:380:in `transition_to'
E, [2018-09-13T05:22:33.541539 #6160] ERROR -- Kitchen: C:/opscode/chefdk/embedded/lib/ruby/gems/2.5.0/gems/test-kitchen-1.23.2/lib/kitchen/instance.rb:140:in `converge'
E, [2018-09-13T05:22:33.541600 #6160] ERROR -- Kitchen: C:/opscode/chefdk/embedded/lib/ruby/gems/2.5.0/gems/test-kitchen-1.23.2/lib/kitchen/command.rb:197:in `public_send'
E, [2018-09-13T05:22:33.541660 #6160] ERROR -- Kitchen: C:/opscode/chefdk/embedded/lib/ruby/gems/2.5.0/gems/test-kitchen-1.23.2/lib/kitchen/command.rb:197:in `run_action_in_thread'
E, [2018-09-13T05:22:33.541721 #6160] ERROR -- Kitchen: C:/opscode/chefdk/embedded/lib/ruby/gems/2.5.0/gems/test-kitchen-1.23.2/lib/kitchen/command.rb:169:in `block (2 levels) in run_action'
E, [2018-09-13T05:22:33.541781 #6160] ERROR -- Kitchen: ----End Backtrace-----
E, [2018-09-13T05:22:33.541841 #6160] ERROR -- Kitchen: -Composite Exception--
E, [2018-09-13T05:22:33.541907 #6160] ERROR -- Kitchen: Class: Kitchen::InstanceFailure
E, [2018-09-13T05:22:33.541969 #6160] ERROR -- Kitchen: Message: Converge failed on instance <default-centos-7>.  Please see .kitchen/logs/default-centos-7.log for more details
E, [2018-09-13T05:22:33.542031 #6160] ERROR -- Kitchen: ----------------------
E, [2018-09-13T05:22:33.542097 #6160] ERROR -- Kitchen: ------Backtrace-------
E, [2018-09-13T05:22:33.542162 #6160] ERROR -- Kitchen: C:/opscode/chefdk/embedded/lib/ruby/gems/2.5.0/gems/test-kitchen-1.23.2/lib/kitchen/provisioner/base.rb:91:in `rescue in call'
E, [2018-09-13T05:22:33.542255 #6160] ERROR -- Kitchen: C:/opscode/chefdk/embedded/lib/ruby/gems/2.5.0/gems/test-kitchen-1.23.2/lib/kitchen/provisioner/base.rb:67:in `call'
E, [2018-09-13T05:22:33.542331 #6160] ERROR -- Kitchen: C:/opscode/chefdk/embedded/lib/ruby/gems/2.5.0/gems/test-kitchen-1.23.2/lib/kitchen/instance.rb:408:in `block in converge_action'
E, [2018-09-13T05:22:33.542398 #6160] ERROR -- Kitchen: C:/opscode/chefdk/embedded/lib/ruby/gems/2.5.0/gems/test-kitchen-1.23.2/lib/kitchen/instance.rb:551:in `synchronize_or_call'
E, [2018-09-13T05:22:33.542461 #6160] ERROR -- Kitchen: C:/opscode/chefdk/embedded/lib/ruby/gems/2.5.0/gems/test-kitchen-1.23.2/lib/kitchen/instance.rb:513:in `block in action'
E, [2018-09-13T05:22:33.542805 #6160] ERROR -- Kitchen: C:/opscode/chefdk/embedded/lib/ruby/2.5.0/benchmark.rb:293:in `measure'
E, [2018-09-13T05:22:33.542933 #6160] ERROR -- Kitchen: C:/opscode/chefdk/embedded/lib/ruby/gems/2.5.0/gems/test-kitchen-1.23.2/lib/kitchen/instance.rb:512:in `action'
E, [2018-09-13T05:22:33.543052 #6160] ERROR -- Kitchen: C:/opscode/chefdk/embedded/lib/ruby/gems/2.5.0/gems/test-kitchen-1.23.2/lib/kitchen/instance.rb:404:in `converge_action'
E, [2018-09-13T05:22:33.543146 #6160] ERROR -- Kitchen: C:/opscode/chefdk/embedded/lib/ruby/gems/2.5.0/gems/test-kitchen-1.23.2/lib/kitchen/instance.rb:382:in `block (2 levels) in transition_to'
E, [2018-09-13T05:22:33.543241 #6160] ERROR -- Kitchen: C:/opscode/chefdk/embedded/lib/ruby/gems/2.5.0/gems/test-kitchen-1.23.2/lib/kitchen/lifecycle_hooks.rb:45:in `run_with_hooks'
E, [2018-09-13T05:22:33.543331 #6160] ERROR -- Kitchen: C:/opscode/chefdk/embedded/lib/ruby/gems/2.5.0/gems/test-kitchen-1.23.2/lib/kitchen/instance.rb:381:in `block in transition_to'
E, [2018-09-13T05:22:33.543423 #6160] ERROR -- Kitchen: C:/opscode/chefdk/embedded/lib/ruby/gems/2.5.0/gems/test-kitchen-1.23.2/lib/kitchen/instance.rb:380:in `each'
E, [2018-09-13T05:22:33.543515 #6160] ERROR -- Kitchen: C:/opscode/chefdk/embedded/lib/ruby/gems/2.5.0/gems/test-kitchen-1.23.2/lib/kitchen/instance.rb:380:in `transition_to'
E, [2018-09-13T05:22:33.543606 #6160] ERROR -- Kitchen: C:/opscode/chefdk/embedded/lib/ruby/gems/2.5.0/gems/test-kitchen-1.23.2/lib/kitchen/instance.rb:140:in `converge'
E, [2018-09-13T05:22:33.543694 #6160] ERROR -- Kitchen: C:/opscode/chefdk/embedded/lib/ruby/gems/2.5.0/gems/test-kitchen-1.23.2/lib/kitchen/command.rb:197:in `public_send'
E, [2018-09-13T05:22:33.543786 #6160] ERROR -- Kitchen: C:/opscode/chefdk/embedded/lib/ruby/gems/2.5.0/gems/test-kitchen-1.23.2/lib/kitchen/command.rb:197:in `run_action_in_thread'
E, [2018-09-13T05:22:33.543875 #6160] ERROR -- Kitchen: C:/opscode/chefdk/embedded/lib/ruby/gems/2.5.0/gems/test-kitchen-1.23.2/lib/kitchen/command.rb:169:in `block (2 levels) in run_action'
E, [2018-09-13T05:22:33.543974 #6160] ERROR -- Kitchen: ----End Backtrace-----
E, [2018-09-13T05:22:33.544128 #6160] ERROR -- Kitchen: ---Nested Exception---
E, [2018-09-13T05:22:33.544216 #6160] ERROR -- Kitchen: Class: Kitchen::ActionFailed
E, [2018-09-13T05:22:33.544300 #6160] ERROR -- Kitchen: Message: SSH exited (1) for command: [sh -c '
TEST_KITCHEN="1"; export TEST_KITCHEN
sudo -E /opt/chef/bin/chef-client --local-mode --config /tmp/kitchen/client.rb --log_level auto --force-formatter --no-color --json-attributes /tmp/kitchen/dna.json --chef-zero-port 8889 
']
E, [2018-09-13T05:22:33.544392 #6160] ERROR -- Kitchen: ----------------------
E, [2018-09-13T05:22:33.544497 #6160] ERROR -- Kitchen: ------Backtrace-------
E, [2018-09-13T05:22:33.544586 #6160] ERROR -- Kitchen: C:/opscode/chefdk/embedded/lib/ruby/gems/2.5.0/gems/test-kitchen-1.23.2/lib/kitchen/provisioner/base.rb:91:in `rescue in call'
E, [2018-09-13T05:22:33.544671 #6160] ERROR -- Kitchen: C:/opscode/chefdk/embedded/lib/ruby/gems/2.5.0/gems/test-kitchen-1.23.2/lib/kitchen/provisioner/base.rb:67:in `call'
E, [2018-09-13T05:22:33.544744 #6160] ERROR -- Kitchen: C:/opscode/chefdk/embedded/lib/ruby/gems/2.5.0/gems/test-kitchen-1.23.2/lib/kitchen/instance.rb:408:in `block in converge_action'
E, [2018-09-13T05:22:33.544811 #6160] ERROR -- Kitchen: C:/opscode/chefdk/embedded/lib/ruby/gems/2.5.0/gems/test-kitchen-1.23.2/lib/kitchen/instance.rb:551:in `synchronize_or_call'
E, [2018-09-13T05:22:33.544877 #6160] ERROR -- Kitchen: C:/opscode/chefdk/embedded/lib/ruby/gems/2.5.0/gems/test-kitchen-1.23.2/lib/kitchen/instance.rb:513:in `block in action'
E, [2018-09-13T05:22:33.544975 #6160] ERROR -- Kitchen: C:/opscode/chefdk/embedded/lib/ruby/2.5.0/benchmark.rb:293:in `measure'
E, [2018-09-13T05:22:33.545061 #6160] ERROR -- Kitchen: C:/opscode/chefdk/embedded/lib/ruby/gems/2.5.0/gems/test-kitchen-1.23.2/lib/kitchen/instance.rb:512:in `action'
E, [2018-09-13T05:22:33.545128 #6160] ERROR -- Kitchen: C:/opscode/chefdk/embedded/lib/ruby/gems/2.5.0/gems/test-kitchen-1.23.2/lib/kitchen/instance.rb:404:in `converge_action'
E, [2018-09-13T05:22:33.545274 #6160] ERROR -- Kitchen: C:/opscode/chefdk/embedded/lib/ruby/gems/2.5.0/gems/test-kitchen-1.23.2/lib/kitchen/instance.rb:382:in `block (2 levels) in transition_to'
E, [2018-09-13T05:22:33.545368 #6160] ERROR -- Kitchen: C:/opscode/chefdk/embedded/lib/ruby/gems/2.5.0/gems/test-kitchen-1.23.2/lib/kitchen/lifecycle_hooks.rb:45:in `run_with_hooks'
E, [2018-09-13T05:22:33.545450 #6160] ERROR -- Kitchen: C:/opscode/chefdk/embedded/lib/ruby/gems/2.5.0/gems/test-kitchen-1.23.2/lib/kitchen/instance.rb:381:in `block in transition_to'
E, [2018-09-13T05:22:33.545526 #6160] ERROR -- Kitchen: C:/opscode/chefdk/embedded/lib/ruby/gems/2.5.0/gems/test-kitchen-1.23.2/lib/kitchen/instance.rb:380:in `each'
E, [2018-09-13T05:22:33.545592 #6160] ERROR -- Kitchen: C:/opscode/chefdk/embedded/lib/ruby/gems/2.5.0/gems/test-kitchen-1.23.2/lib/kitchen/instance.rb:380:in `transition_to'
E, [2018-09-13T05:22:33.545663 #6160] ERROR -- Kitchen: C:/opscode/chefdk/embedded/lib/ruby/gems/2.5.0/gems/test-kitchen-1.23.2/lib/kitchen/instance.rb:140:in `converge'
E, [2018-09-13T05:22:33.545727 #6160] ERROR -- Kitchen: C:/opscode/chefdk/embedded/lib/ruby/gems/2.5.0/gems/test-kitchen-1.23.2/lib/kitchen/command.rb:197:in `public_send'
E, [2018-09-13T05:22:33.545788 #6160] ERROR -- Kitchen: C:/opscode/chefdk/embedded/lib/ruby/gems/2.5.0/gems/test-kitchen-1.23.2/lib/kitchen/command.rb:197:in `run_action_in_thread'
E, [2018-09-13T05:22:33.545855 #6160] ERROR -- Kitchen: C:/opscode/chefdk/embedded/lib/ruby/gems/2.5.0/gems/test-kitchen-1.23.2/lib/kitchen/command.rb:169:in `block (2 levels) in run_action'
E, [2018-09-13T05:22:33.545919 #6160] ERROR -- Kitchen: ----End Backtrace-----
